A51 MACRO ASSEMBLER  LAB02_2                                                              10/21/2018 19:33:47 PAGE     1


MACRO ASSEMBLER A51 V8.01
OBJECT MODULE PLACED IN Lab02-2.OBJ
ASSEMBLER INVOKED BY: C:\Keil\C51\BIN\A51.EXE Lab02-2.asm SET(SMALL) DEBUG EP

LOC  OBJ            LINE     SOURCE

0000                   1     ORG 0000H
0000 804E              2     JMP MAIN
0050                   3     ORG 0050H
                       4     ;----------------
0050                   5     MAIN:
0050 900061            6             MOV DPTR,#NTABLE
0053                   7     LOOP1:
0053 7A00              8             MOV R2,#0                       
0055                   9     LOOP2:
0055 EA               10             MOV A,R2                                                
0056 93               11             MOVC A,@A+DPTR  
0057 F590             12             MOV P1,A                        
0059 0A               13             INC R2                                          
005A 1168             14             ACALL DELAY
005C BA07F6           15             CJNE R2,#7,LOOP2                
005F 80F2             16             JMP LOOP1
                      17     
0061                  18     NTABLE:
0061 03               19             DB 00000011B
0062 41               20             DB 01000001B
0063 9F               21             DB 10011111B    
0064 03               22             DB 00000011B
0065 01               23             DB 00000001B
0066 0D               24             DB 00001101B
0067 1B               25             DB 00011011B
                      26     ;-----------------------------
0068                  27     DELAY:
0068 ADB0             28             MOV R5,P3
006A 0D               29             INC R5
006B                  30     DELAY1:
006B 7EFF             31             MOV R6,#0FFH
006D                  32     DELAY2:
006D 7F99             33             MOV R7,#099H
006F                  34     DELAY3:
006F DFFE             35             DJNZ R7,DELAY3
0071 DEFA             36             DJNZ R6,DELAY2
0073 DDF6             37             DJNZ R5,DELAY1
0075 22               38             RET
                      39             END
A51 MACRO ASSEMBLER  LAB02_2                                                              10/21/2018 19:33:47 PAGE     2

SYMBOL TABLE LISTING
------ ----- -------


N A M E             T Y P E  V A L U E   ATTRIBUTES

DELAY. . . . . . .  C ADDR   0068H   A   
DELAY1 . . . . . .  C ADDR   006BH   A   
DELAY2 . . . . . .  C ADDR   006DH   A   
DELAY3 . . . . . .  C ADDR   006FH   A   
LOOP1. . . . . . .  C ADDR   0053H   A   
LOOP2. . . . . . .  C ADDR   0055H   A   
MAIN . . . . . . .  C ADDR   0050H   A   
NTABLE . . . . . .  C ADDR   0061H   A   
P1 . . . . . . . .  D ADDR   0090H   A   
P3 . . . . . . . .  D ADDR   00B0H   A   


REGISTER BANK(S) USED: 0 


ASSEMBLY COMPLETE.  0 WARNING(S), 0 ERROR(S)
